ClientTsofen45/agSenceApp/app/build/intermediates/manifest_merge_blame_file/release/manifest-merger-blame-release-report.txt
1<?xml version="1.0" encoding="utf-8"?>
2<manifest xmlns:android="http://schemas.android.com/apk/res/android"
3    package="com.tsofen.agsenceapp"
4    android:versionCode="1"
5    android:versionName="1.0" >
6
7    <uses-sdk
8        android:minSdkVersion="24"
<<<<<<< HEAD
8-->src\main\AndroidManifest.xml
9        android:targetSdkVersion="30" />
9-->src\main\AndroidManifest.xml
10
11    <uses-permission android:name="android.permission.ACCESS_FINE_LOCATION" />
11-->src\main\AndroidManifest.xml:5:5-79
11-->src\main\AndroidManifest.xml:5:22-76
12
13    <!-- Include required permissions for Google Maps API to run. -->
14    <uses-permission android:name="android.permission.ACCESS_NETWORK_STATE" />
14-->[com.google.android.gms:play-services-maps:17.0.0] AndroidManifest.xml:23:5-79
14-->[com.google.android.gms:play-services-maps:17.0.0] AndroidManifest.xml:23:22-76
15    <uses-permission android:name="android.permission.INTERNET" />
15-->[com.google.android.gms:play-services-maps:17.0.0] AndroidManifest.xml:24:5-67
15-->[com.google.android.gms:play-services-maps:17.0.0] AndroidManifest.xml:24:22-64
16
17    <uses-feature
17-->[com.google.android.gms:play-services-maps:17.0.0] AndroidManifest.xml:26:5-28:35
18        android:glEsVersion="0x00020000"
18-->[com.google.android.gms:play-services-maps:17.0.0] AndroidManifest.xml:27:9-41
19        android:required="true" />
19-->[com.google.android.gms:play-services-maps:17.0.0] AndroidManifest.xml:28:9-32
20
21    <application
21-->src\main\AndroidManifest.xml:7:5-83:19
22        android:allowBackup="true"
22-->src\main\AndroidManifest.xml:8:9-35
23        android:appComponentFactory="androidx.core.app.CoreComponentFactory"
23-->[androidx.core:core:1.3.1] AndroidManifest.xml:24:18-86
24        android:extractNativeLibs="false"
25        android:icon="@mipmap/ic_launcher"
25-->src\main\AndroidManifest.xml:9:9-43
26        android:label="@string/app_name"
26-->src\main\AndroidManifest.xml:10:9-41
27        android:roundIcon="@mipmap/ic_launcher_round"
27-->src\main\AndroidManifest.xml:11:9-54
28        android:supportsRtl="true"
28-->src\main\AndroidManifest.xml:12:9-35
29        android:testOnly="true"
30        android:theme="@style/AppTheme"
30-->src\main\AndroidManifest.xml:13:9-40
31        android:usesCleartextTraffic="true" >
31-->src\main\AndroidManifest.xml:14:9-44
32        <activity android:name="com.tsofen.agsenceapp.activities.AccountStatusFilterUser" />
32-->src\main\AndroidManifest.xml:15:9-81
32-->src\main\AndroidManifest.xml:15:19-69
33        <activity android:name="com.tsofen.agsenceapp.activities.BackBaseActivity" />
33-->src\main\AndroidManifest.xml:16:9-65
33-->src\main\AndroidManifest.xml:16:19-62
34        <activity android:name="com.tsofen.agsenceapp.activities.SearchBaseActivity" />
34-->src\main\AndroidManifest.xml:17:9-67
34-->src\main\AndroidManifest.xml:17:19-64
35        <activity
35-->src\main\AndroidManifest.xml:18:9-20:57
36            android:name="com.tsofen.agsenceapp.activities.AdminNotification"
36-->src\main\AndroidManifest.xml:19:13-57
37            android:label="@string/AdminNotification" />
37-->src\main\AndroidManifest.xml:20:13-54
38        <activity
38-->src\main\AndroidManifest.xml:21:9-23:47
39            android:name="com.tsofen.agsenceapp.activities.DeviceSetting"
39-->src\main\AndroidManifest.xml:22:13-53
40            android:label="Device Settings" />
40-->src\main\AndroidManifest.xml:23:13-44
41        <activity
41-->src\main\AndroidManifest.xml:24:9-26:47
42            android:name="com.tsofen.agsenceapp.activities.AccountStatusFilter"
42-->src\main\AndroidManifest.xml:25:13-59
43            android:label="Accounts Status" />
43-->src\main\AndroidManifest.xml:26:13-44
44        <activity
44-->src\main\AndroidManifest.xml:27:9-29:51
45            android:name="com.tsofen.agsenceapp.activities.EditAccount"
45-->src\main\AndroidManifest.xml:28:13-51
46            android:label="@string/EditAccount" />
46-->src\main\AndroidManifest.xml:29:13-48
47        <activity
47-->src\main\AndroidManifest.xml:30:9-32:50
48            android:name="com.tsofen.agsenceapp.activities.EditDevice"
48-->src\main\AndroidManifest.xml:31:13-50
49            android:label="@string/EditDevice" />
49-->src\main\AndroidManifest.xml:32:13-47
50        <activity
50-->src\main\AndroidManifest.xml:33:9-35:63
51            android:name="com.tsofen.agsenceapp.activities.HealthCareDashboard"
51-->src\main\AndroidManifest.xml:34:13-59
52            android:label="@string/healthCareReportsString" />
52-->src\main\AndroidManifest.xml:35:13-60
53        <activity
53-->src\main\AndroidManifest.xml:36:9-38:50
54            android:name="com.tsofen.agsenceapp.activities.NewAccount"
54-->src\main\AndroidManifest.xml:37:13-50
55            android:label="@string/NewAccount" />
55-->src\main\AndroidManifest.xml:38:13-47
56        <activity
56-->src\main\AndroidManifest.xml:39:9-41:49
57            android:name="com.tsofen.agsenceapp.activities.NewDevice"
57-->src\main\AndroidManifest.xml:40:13-49
58            android:label="@string/NewDevice" />
58-->src\main\AndroidManifest.xml:41:13-46
59        <!--
60             The API key for Google Maps-based APIs is defined as a string resource.
61             (See the file "res/values/google_maps_api.xml").
62             Note that the API key is linked to the encryption key used to sign the APK.
63             You need a different API key for each encryption key, including the release key that is used to
64             sign the APK for publishing.
65             You can define the keys for the debug and release targets in src/debug/ and src/release/.
66        -->
67        <activity
67-->src\main\AndroidManifest.xml:50:9-52:59
68            android:name="com.tsofen.agsenceapp.activities.MapsActivity"
68-->src\main\AndroidManifest.xml:51:13-52
69            android:label="@string/title_activity_maps" />
69-->src\main\AndroidManifest.xml:52:13-56
70        <activity
70-->src\main\AndroidManifest.xml:53:9-55:50
71            android:name="com.tsofen.agsenceapp.activities.DeviceStatusList"
71-->src\main\AndroidManifest.xml:54:13-56
72            android:label="Device Status List" />
72-->src\main\AndroidManifest.xml:55:13-47
73        <activity
73-->src\main\AndroidManifest.xml:56:9-58:43
74            android:name="com.tsofen.agsenceapp.activities.DeviceView"
74-->src\main\AndroidManifest.xml:57:13-50
75            android:label="Device View" />
75-->src\main\AndroidManifest.xml:58:13-40
76        <activity
76-->src\main\AndroidManifest.xml:59:9-61:46
77            android:name="com.tsofen.agsenceapp.activities.DeviceFilter"
77-->src\main\AndroidManifest.xml:60:13-52
78            android:label="@string/Filter" />
78-->src\main\AndroidManifest.xml:61:13-43
79        <activity
79-->src\main\AndroidManifest.xml:62:9-64:47
80            android:name="com.tsofen.agsenceapp.activities.AdminDashboardActivity"
80-->src\main\AndroidManifest.xml:63:13-62
81            android:label="Admin Dashboard" />
81-->src\main\AndroidManifest.xml:64:13-44
82        <activity
82-->src\main\AndroidManifest.xml:65:9-68:55
83            android:name="com.tsofen.agsenceapp.activities.AccountDashboardActivity"
83-->src\main\AndroidManifest.xml:66:13-64
84            android:label="Account Dashboard"
84-->src\main\AndroidManifest.xml:67:13-46
85            android:windowSoftInputMode="adjustPan" />
85-->src\main\AndroidManifest.xml:68:13-52
86        <activity
86-->src\main\AndroidManifest.xml:69:9-71:45
87            android:name="com.tsofen.agsenceapp.activities.DeviceStatus"
87-->src\main\AndroidManifest.xml:70:13-52
88            android:label="Device Status" />
88-->src\main\AndroidManifest.xml:71:13-42
89        <activity android:name="com.tsofen.agsenceapp.activities.LoginActivity" >
89-->src\main\AndroidManifest.xml:72:9-78:20
89-->src\main\AndroidManifest.xml:72:19-59
90            <intent-filter>
90-->src\main\AndroidManifest.xml:73:13-77:29
91                <action android:name="android.intent.action.MAIN" />
91-->src\main\AndroidManifest.xml:74:17-69
91-->src\main\AndroidManifest.xml:74:25-66
92
93                <category android:name="android.intent.category.LAUNCHER" />
93-->src\main\AndroidManifest.xml:76:17-77
93-->src\main\AndroidManifest.xml:76:27-74
94            </intent-filter>
95        </activity>
96
97        <meta-data
97-->src\main\AndroidManifest.xml:80:9-82:55
98            android:name="com.google.android.geo.API_KEY"
98-->src\main\AndroidManifest.xml:81:13-58
99            android:value="@string/google_maps_key" />
99-->src\main\AndroidManifest.xml:82:13-52
100        <!-- Needs to be explicitly declared on P+ -->
101        <uses-library
101-->[com.google.android.gms:play-services-maps:17.0.0] AndroidManifest.xml:33:9-35:40
102            android:name="org.apache.http.legacy"
102-->[com.google.android.gms:play-services-maps:17.0.0] AndroidManifest.xml:34:13-50
103            android:required="false" />
103-->[com.google.android.gms:play-services-maps:17.0.0] AndroidManifest.xml:35:13-37
104
105        <provider
105-->[androidx.lifecycle:lifecycle-process:2.2.0] AndroidManifest.xml:25:9-29:43
106            android:name="androidx.lifecycle.ProcessLifecycleOwnerInitializer"
106-->[androidx.lifecycle:lifecycle-process:2.2.0] AndroidManifest.xml:26:13-79
107            android:authorities="com.tsofen.agsenceapp.lifecycle-process"
107-->[androidx.lifecycle:lifecycle-process:2.2.0] AndroidManifest.xml:27:13-69
108            android:exported="false"
108-->[androidx.lifecycle:lifecycle-process:2.2.0] AndroidManifest.xml:28:13-37
109            android:multiprocess="true" />
109-->[androidx.lifecycle:lifecycle-process:2.2.0] AndroidManifest.xml:29:13-40
110
111        <activity
111-->[com.google.android.gms:play-services-base:17.0.0] AndroidManifest.xml:23:9-26:75
112            android:name="com.google.android.gms.common.api.GoogleApiActivity"
112-->[com.google.android.gms:play-services-base:17.0.0] AndroidManifest.xml:24:13-79
113            android:exported="false"
113-->[com.google.android.gms:play-services-base:17.0.0] AndroidManifest.xml:25:13-37
114            android:theme="@android:style/Theme.Translucent.NoTitleBar" />
114-->[com.google.android.gms:play-services-base:17.0.0] AndroidManifest.xml:26:13-72
115
116        <meta-data
116-->[com.google.android.gms:play-services-basement:17.0.0] AndroidManifest.xml:23:9-25:69
117            android:name="com.google.android.gms.version"
117-->[com.google.android.gms:play-services-basement:17.0.0] AndroidManifest.xml:24:13-58
118            android:value="@integer/google_play_services_version" />
118-->[com.google.android.gms:play-services-basement:17.0.0] AndroidManifest.xml:25:13-66
119    </application>
120
121</manifest>
=======
8-->src\main\AndroidManifest.xml
9        android:targetSdkVersion="30" />
9-->src\main\AndroidManifest.xml
10
11    <uses-permission android:name="android.permission.ACCESS_FINE_LOCATION" />
11-->src\main\AndroidManifest.xml:56:5-79
11-->src\main\AndroidManifest.xml:56:22-76
12    <uses-permission android:name="android.permission.WAKE_LOCK" />
12-->[androidx.work:work-runtime:2.4.0] AndroidManifest.xml:25:5-68
12-->[androidx.work:work-runtime:2.4.0] AndroidManifest.xml:25:22-65
13    <uses-permission android:name="android.permission.ACCESS_NETWORK_STATE" />
13-->[androidx.work:work-runtime:2.4.0] AndroidManifest.xml:26:5-79
13-->[androidx.work:work-runtime:2.4.0] AndroidManifest.xml:26:22-76
14    <uses-permission android:name="android.permission.RECEIVE_BOOT_COMPLETED" />
14-->[androidx.work:work-runtime:2.4.0] AndroidManifest.xml:27:5-81
14-->[androidx.work:work-runtime:2.4.0] AndroidManifest.xml:27:22-78
15    <uses-permission android:name="android.permission.FOREGROUND_SERVICE" />
15-->[androidx.work:work-runtime:2.4.0] AndroidManifest.xml:28:5-77
15-->[androidx.work:work-runtime:2.4.0] AndroidManifest.xml:28:22-74
16    <uses-permission android:name="android.permission.INTERNET" />
16-->[com.google.android.gms:play-services-maps:17.0.0] AndroidManifest.xml:24:5-67
16-->[com.google.android.gms:play-services-maps:17.0.0] AndroidManifest.xml:24:22-64
17
18    <uses-feature
18-->[com.google.android.gms:play-services-maps:17.0.0] AndroidManifest.xml:26:5-28:35
19        android:glEsVersion="0x00020000"
19-->[com.google.android.gms:play-services-maps:17.0.0] AndroidManifest.xml:27:9-41
20        android:required="true" />
20-->[com.google.android.gms:play-services-maps:17.0.0] AndroidManifest.xml:28:9-32
21    <!--
22         The ACCESS_COARSE/FINE_LOCATION permissions are not required to use
23         Google Maps Android API v2, but you must specify either coarse or fine
24         location permissions for the "MyLocation" functionality.
25    -->
26    <application
26-->src\main\AndroidManifest.xml:10:5-54:19
27        android:allowBackup="true"
27-->src\main\AndroidManifest.xml:11:9-35
28        android:appComponentFactory="androidx.core.app.CoreComponentFactory"
28-->[androidx.core:core:1.3.1] AndroidManifest.xml:24:18-86
29        android:extractNativeLibs="false"
30        android:icon="@mipmap/ic_launcher"
30-->src\main\AndroidManifest.xml:12:9-43
31        android:label="@string/app_name"
31-->src\main\AndroidManifest.xml:13:9-41
32        android:roundIcon="@mipmap/ic_launcher_round"
32-->src\main\AndroidManifest.xml:14:9-54
33        android:supportsRtl="true"
33-->src\main\AndroidManifest.xml:15:9-35
34        android:testOnly="true"
35        android:theme="@style/AppTheme" >
35-->src\main\AndroidManifest.xml:16:9-40
36        <activity android:name="com.tsofen.agsenceapp.activities.DeviceSetting" />
36-->src\main\AndroidManifest.xml:17:9-71
36-->src\main\AndroidManifest.xml:17:19-59
37        <activity android:name="com.tsofen.agsenceapp.activities.AccountStatusFilter" />
37-->src\main\AndroidManifest.xml:18:9-68
37-->src\main\AndroidManifest.xml:18:19-65
38        <activity android:name="com.tsofen.agsenceapp.activities.DeviceSettings" />
38-->src\main\AndroidManifest.xml:19:9-63
38-->src\main\AndroidManifest.xml:19:19-60
39        <activity android:name="com.tsofen.agsenceapp.activities.EditAccount" />
39-->src\main\AndroidManifest.xml:20:9-60
39-->src\main\AndroidManifest.xml:20:19-57
40        <activity android:name="com.tsofen.agsenceapp.activities.EditDevice" />
40-->src\main\AndroidManifest.xml:21:9-59
40-->src\main\AndroidManifest.xml:21:19-56
41        <activity android:name="com.tsofen.agsenceapp.activities.HealthCareDashboard" />
41-->src\main\AndroidManifest.xml:22:9-68
41-->src\main\AndroidManifest.xml:22:19-65
42        <activity android:name="com.tsofen.agsenceapp.activities.NewAccount" />
42-->src\main\AndroidManifest.xml:23:9-59
42-->src\main\AndroidManifest.xml:23:19-56
43        <activity android:name="com.tsofen.agsenceapp.activities.NewDevice" />
43-->src\main\AndroidManifest.xml:24:9-58
43-->src\main\AndroidManifest.xml:24:19-55
44        <!--
45             The API key for Google Maps-based APIs is defined as a string resource.
46             (See the file "res/values/google_maps_api.xml").
47             Note that the API key is linked to the encryption key used to sign the APK.
48             You need a different API key for each encryption key, including the release key that is used to
49             sign the APK for publishing.
50             You can define the keys for the debug and release targets in src/debug/ and src/release/.
51        -->
52        <activity
52-->src\main\AndroidManifest.xml:33:9-35:59
53            android:name="com.tsofen.agsenceapp.activities.MapsActivity"
53-->src\main\AndroidManifest.xml:34:13-52
54            android:label="@string/title_activity_maps" />
54-->src\main\AndroidManifest.xml:35:13-56
55        <activity android:name="com.tsofen.agsenceapp.activities.DeviceStatusList" />
55-->src\main\AndroidManifest.xml:36:9-65
55-->src\main\AndroidManifest.xml:36:19-62
56        <activity android:name="com.tsofen.agsenceapp.activities.DeviceView" />
56-->src\main\AndroidManifest.xml:37:9-59
56-->src\main\AndroidManifest.xml:37:19-56
57        <activity android:name="com.tsofen.agsenceapp.activities.DeviceFilter" />
57-->src\main\AndroidManifest.xml:38:9-61
57-->src\main\AndroidManifest.xml:38:19-58
58        <activity android:name="com.tsofen.agsenceapp.activities.AdminDashboardActivity" />
58-->src\main\AndroidManifest.xml:39:9-71
58-->src\main\AndroidManifest.xml:39:19-68
59        <activity
59-->src\main\AndroidManifest.xml:40:9-42:55
60            android:name="com.tsofen.agsenceapp.activities.AccountDashboardActivity"
60-->src\main\AndroidManifest.xml:41:13-64
61            android:windowSoftInputMode="adjustPan" />
61-->src\main\AndroidManifest.xml:42:13-52
62        <activity android:name="com.tsofen.agsenceapp.activities.DeviceStatus" />
62-->src\main\AndroidManifest.xml:43:9-61
62-->src\main\AndroidManifest.xml:43:19-58
63        <activity android:name="com.tsofen.agsenceapp.activities.LoginActivity" >
63-->src\main\AndroidManifest.xml:44:9-50:20
63-->src\main\AndroidManifest.xml:44:19-59
64            <intent-filter>
64-->src\main\AndroidManifest.xml:45:13-49:29
65                <action android:name="android.intent.action.MAIN" />
65-->src\main\AndroidManifest.xml:46:17-69
65-->src\main\AndroidManifest.xml:46:25-66
66
67                <category android:name="android.intent.category.LAUNCHER" />
67-->src\main\AndroidManifest.xml:48:17-77
67-->src\main\AndroidManifest.xml:48:27-74
68            </intent-filter>
69        </activity>
70
71        <meta-data
71-->src\main\AndroidManifest.xml:51:9-53:55
72            android:name="com.google.android.geo.API_KEY"
72-->src\main\AndroidManifest.xml:52:13-58
73            android:value="@string/google_maps_key" />
73-->src\main\AndroidManifest.xml:53:13-52
74
75        <provider
75-->[androidx.work:work-runtime:2.4.0] AndroidManifest.xml:31:9-37:35
76            android:name="androidx.work.impl.WorkManagerInitializer"
76-->[androidx.work:work-runtime:2.4.0] AndroidManifest.xml:32:13-69
77            android:authorities="com.tsofen.agsenceapp.workmanager-init"
77-->[androidx.work:work-runtime:2.4.0] AndroidManifest.xml:33:13-68
78            android:directBootAware="false"
78-->[androidx.work:work-runtime:2.4.0] AndroidManifest.xml:34:13-44
79            android:exported="false"
79-->[androidx.work:work-runtime:2.4.0] AndroidManifest.xml:35:13-37
80            android:multiprocess="true" />
80-->[androidx.work:work-runtime:2.4.0] AndroidManifest.xml:36:13-40
81
82        <service
82-->[androidx.work:work-runtime:2.4.0] AndroidManifest.xml:39:9-44:35
83            android:name="androidx.work.impl.background.systemalarm.SystemAlarmService"
83-->[androidx.work:work-runtime:2.4.0] AndroidManifest.xml:40:13-88
84            android:directBootAware="false"
84-->[androidx.work:work-runtime:2.4.0] AndroidManifest.xml:41:13-44
85            android:enabled="@bool/enable_system_alarm_service_default"
85-->[androidx.work:work-runtime:2.4.0] AndroidManifest.xml:42:13-72
86            android:exported="false" />
86-->[androidx.work:work-runtime:2.4.0] AndroidManifest.xml:43:13-37
87        <service
87-->[androidx.work:work-runtime:2.4.0] AndroidManifest.xml:45:9-51:35
88            android:name="androidx.work.impl.background.systemjob.SystemJobService"
88-->[androidx.work:work-runtime:2.4.0] AndroidManifest.xml:46:13-84
89            android:directBootAware="false"
89-->[androidx.work:work-runtime:2.4.0] AndroidManifest.xml:47:13-44
90            android:enabled="@bool/enable_system_job_service_default"
90-->[androidx.work:work-runtime:2.4.0] AndroidManifest.xml:48:13-70
91            android:exported="true"
91-->[androidx.work:work-runtime:2.4.0] AndroidManifest.xml:49:13-36
92            android:permission="android.permission.BIND_JOB_SERVICE" />
92-->[androidx.work:work-runtime:2.4.0] AndroidManifest.xml:50:13-69
93        <service
93-->[androidx.work:work-runtime:2.4.0] AndroidManifest.xml:52:9-57:35
94            android:name="androidx.work.impl.foreground.SystemForegroundService"
94-->[androidx.work:work-runtime:2.4.0] AndroidManifest.xml:53:13-81
95            android:directBootAware="false"
95-->[androidx.work:work-runtime:2.4.0] AndroidManifest.xml:54:13-44
96            android:enabled="@bool/enable_system_foreground_service_default"
96-->[androidx.work:work-runtime:2.4.0] AndroidManifest.xml:55:13-77
97            android:exported="false" />
97-->[androidx.work:work-runtime:2.4.0] AndroidManifest.xml:56:13-37
98
99        <receiver
99-->[androidx.work:work-runtime:2.4.0] AndroidManifest.xml:59:9-64:35
100            android:name="androidx.work.impl.utils.ForceStopRunnable$BroadcastReceiver"
100-->[androidx.work:work-runtime:2.4.0] AndroidManifest.xml:60:13-88
101            android:directBootAware="false"
101-->[androidx.work:work-runtime:2.4.0] AndroidManifest.xml:61:13-44
102            android:enabled="true"
102-->[androidx.work:work-runtime:2.4.0] AndroidManifest.xml:62:13-35
103            android:exported="false" />
103-->[androidx.work:work-runtime:2.4.0] AndroidManifest.xml:63:13-37
104        <receiver
104-->[androidx.work:work-runtime:2.4.0] AndroidManifest.xml:65:9-75:20
105            android:name="androidx.work.impl.background.systemalarm.ConstraintProxy$BatteryChargingProxy"
105-->[androidx.work:work-runtime:2.4.0] AndroidManifest.xml:66:13-106
106            android:directBootAware="false"
106-->[androidx.work:work-runtime:2.4.0] AndroidManifest.xml:67:13-44
107            android:enabled="false"
107-->[androidx.work:work-runtime:2.4.0] AndroidManifest.xml:68:13-36
108            android:exported="false" >
108-->[androidx.work:work-runtime:2.4.0] AndroidManifest.xml:69:13-37
109            <intent-filter>
109-->[androidx.work:work-runtime:2.4.0] AndroidManifest.xml:71:13-74:29
110                <action android:name="android.intent.action.ACTION_POWER_CONNECTED" />
110-->[androidx.work:work-runtime:2.4.0] AndroidManifest.xml:72:17-87
110-->[androidx.work:work-runtime:2.4.0] AndroidManifest.xml:72:25-84
111                <action android:name="android.intent.action.ACTION_POWER_DISCONNECTED" />
111-->[androidx.work:work-runtime:2.4.0] AndroidManifest.xml:73:17-90
111-->[androidx.work:work-runtime:2.4.0] AndroidManifest.xml:73:25-87
112            </intent-filter>
113        </receiver>
114        <receiver
114-->[androidx.work:work-runtime:2.4.0] AndroidManifest.xml:76:9-86:20
115            android:name="androidx.work.impl.background.systemalarm.ConstraintProxy$BatteryNotLowProxy"
115-->[androidx.work:work-runtime:2.4.0] AndroidManifest.xml:77:13-104
116            android:directBootAware="false"
116-->[androidx.work:work-runtime:2.4.0] AndroidManifest.xml:78:13-44
117            android:enabled="false"
117-->[androidx.work:work-runtime:2.4.0] AndroidManifest.xml:79:13-36
118            android:exported="false" >
118-->[androidx.work:work-runtime:2.4.0] AndroidManifest.xml:80:13-37
119            <intent-filter>
119-->[androidx.work:work-runtime:2.4.0] AndroidManifest.xml:82:13-85:29
120                <action android:name="android.intent.action.BATTERY_OKAY" />
120-->[androidx.work:work-runtime:2.4.0] AndroidManifest.xml:83:17-77
120-->[androidx.work:work-runtime:2.4.0] AndroidManifest.xml:83:25-74
121                <action android:name="android.intent.action.BATTERY_LOW" />
121-->[androidx.work:work-runtime:2.4.0] AndroidManifest.xml:84:17-76
121-->[androidx.work:work-runtime:2.4.0] AndroidManifest.xml:84:25-73
122            </intent-filter>
123        </receiver>
124        <receiver
124-->[androidx.work:work-runtime:2.4.0] AndroidManifest.xml:87:9-97:20
125            android:name="androidx.work.impl.background.systemalarm.ConstraintProxy$StorageNotLowProxy"
125-->[androidx.work:work-runtime:2.4.0] AndroidManifest.xml:88:13-104
126            android:directBootAware="false"
126-->[androidx.work:work-runtime:2.4.0] AndroidManifest.xml:89:13-44
127            android:enabled="false"
127-->[androidx.work:work-runtime:2.4.0] AndroidManifest.xml:90:13-36
128            android:exported="false" >
128-->[androidx.work:work-runtime:2.4.0] AndroidManifest.xml:91:13-37
129            <intent-filter>
129-->[androidx.work:work-runtime:2.4.0] AndroidManifest.xml:93:13-96:29
130                <action android:name="android.intent.action.DEVICE_STORAGE_LOW" />
130-->[androidx.work:work-runtime:2.4.0] AndroidManifest.xml:94:17-83
130-->[androidx.work:work-runtime:2.4.0] AndroidManifest.xml:94:25-80
131                <action android:name="android.intent.action.DEVICE_STORAGE_OK" />
131-->[androidx.work:work-runtime:2.4.0] AndroidManifest.xml:95:17-82
131-->[androidx.work:work-runtime:2.4.0] AndroidManifest.xml:95:25-79
132            </intent-filter>
133        </receiver>
134        <receiver
134-->[androidx.work:work-runtime:2.4.0] AndroidManifest.xml:98:9-107:20
135            android:name="androidx.work.impl.background.systemalarm.ConstraintProxy$NetworkStateProxy"
135-->[androidx.work:work-runtime:2.4.0] AndroidManifest.xml:99:13-103
136            android:directBootAware="false"
136-->[androidx.work:work-runtime:2.4.0] AndroidManifest.xml:100:13-44
137            android:enabled="false"
137-->[androidx.work:work-runtime:2.4.0] AndroidManifest.xml:101:13-36
138            android:exported="false" >
138-->[androidx.work:work-runtime:2.4.0] AndroidManifest.xml:102:13-37
139            <intent-filter>
139-->[androidx.work:work-runtime:2.4.0] AndroidManifest.xml:104:13-106:29
140                <action android:name="android.net.conn.CONNECTIVITY_CHANGE" />
140-->[androidx.work:work-runtime:2.4.0] AndroidManifest.xml:105:17-79
140-->[androidx.work:work-runtime:2.4.0] AndroidManifest.xml:105:25-76
141            </intent-filter>
142        </receiver>
143        <receiver
143-->[androidx.work:work-runtime:2.4.0] AndroidManifest.xml:108:9-119:20
144            android:name="androidx.work.impl.background.systemalarm.RescheduleReceiver"
144-->[androidx.work:work-runtime:2.4.0] AndroidManifest.xml:109:13-88
145            android:directBootAware="false"
145-->[androidx.work:work-runtime:2.4.0] AndroidManifest.xml:110:13-44
146            android:enabled="false"
146-->[androidx.work:work-runtime:2.4.0] AndroidManifest.xml:111:13-36
147            android:exported="false" >
147-->[androidx.work:work-runtime:2.4.0] AndroidManifest.xml:112:13-37
148            <intent-filter>
148-->[androidx.work:work-runtime:2.4.0] AndroidManifest.xml:114:13-118:29
149                <action android:name="android.intent.action.BOOT_COMPLETED" />
149-->[androidx.work:work-runtime:2.4.0] AndroidManifest.xml:115:17-79
149-->[androidx.work:work-runtime:2.4.0] AndroidManifest.xml:115:25-76
150                <action android:name="android.intent.action.TIME_SET" />
150-->[androidx.work:work-runtime:2.4.0] AndroidManifest.xml:116:17-73
150-->[androidx.work:work-runtime:2.4.0] AndroidManifest.xml:116:25-70
151                <action android:name="android.intent.action.TIMEZONE_CHANGED" />
151-->[androidx.work:work-runtime:2.4.0] AndroidManifest.xml:117:17-81
151-->[androidx.work:work-runtime:2.4.0] AndroidManifest.xml:117:25-78
152            </intent-filter>
153        </receiver>
154        <receiver
154-->[androidx.work:work-runtime:2.4.0] AndroidManifest.xml:120:9-129:20
155            android:name="androidx.work.impl.background.systemalarm.ConstraintProxyUpdateReceiver"
155-->[androidx.work:work-runtime:2.4.0] AndroidManifest.xml:121:13-99
156            android:directBootAware="false"
156-->[androidx.work:work-runtime:2.4.0] AndroidManifest.xml:122:13-44
157            android:enabled="@bool/enable_system_alarm_service_default"
157-->[androidx.work:work-runtime:2.4.0] AndroidManifest.xml:123:13-72
158            android:exported="false" >
158-->[androidx.work:work-runtime:2.4.0] AndroidManifest.xml:124:13-37
159            <intent-filter>
159-->[androidx.work:work-runtime:2.4.0] AndroidManifest.xml:126:13-128:29
160                <action android:name="androidx.work.impl.background.systemalarm.UpdateProxies" />
160-->[androidx.work:work-runtime:2.4.0] AndroidManifest.xml:127:17-98
160-->[androidx.work:work-runtime:2.4.0] AndroidManifest.xml:127:25-95
161            </intent-filter>
162        </receiver>
163        <receiver
163-->[androidx.work:work-runtime:2.4.0] AndroidManifest.xml:130:9-140:20
164            android:name="androidx.work.impl.diagnostics.DiagnosticsReceiver"
164-->[androidx.work:work-runtime:2.4.0] AndroidManifest.xml:131:13-78
165            android:directBootAware="false"
165-->[androidx.work:work-runtime:2.4.0] AndroidManifest.xml:132:13-44
166            android:enabled="true"
166-->[androidx.work:work-runtime:2.4.0] AndroidManifest.xml:133:13-35
167            android:exported="true"
167-->[androidx.work:work-runtime:2.4.0] AndroidManifest.xml:134:13-36
168            android:permission="android.permission.DUMP" >
168-->[androidx.work:work-runtime:2.4.0] AndroidManifest.xml:135:13-57
169            <intent-filter>
169-->[androidx.work:work-runtime:2.4.0] AndroidManifest.xml:137:13-139:29
170                <action android:name="androidx.work.diagnostics.REQUEST_DIAGNOSTICS" />
170-->[androidx.work:work-runtime:2.4.0] AndroidManifest.xml:138:17-88
170-->[androidx.work:work-runtime:2.4.0] AndroidManifest.xml:138:25-85
171            </intent-filter>
172        </receiver> <!-- Needs to be explicitly declared on P+ -->
173        <uses-library
173-->[com.google.android.gms:play-services-maps:17.0.0] AndroidManifest.xml:33:9-35:40
174            android:name="org.apache.http.legacy"
174-->[com.google.android.gms:play-services-maps:17.0.0] AndroidManifest.xml:34:13-50
175            android:required="false" />
175-->[com.google.android.gms:play-services-maps:17.0.0] AndroidManifest.xml:35:13-37
176
177        <activity
177-->[com.google.android.gms:play-services-base:17.0.0] AndroidManifest.xml:23:9-26:75
178            android:name="com.google.android.gms.common.api.GoogleApiActivity"